{"E:\\VsCode\\HTML\\ruangong\\test2.js": {"path":"E:\\VsCode\\HTML\\ruangong\\test2.js","statementMap":{"0":{"start":{"line":1,"column":16},"end":{"line":1,"column":50}},"1":{"start":{"line":2,"column":16},"end":{"line":2,"column":51}},"2":{"start":{"line":3,"column":20},"end":{"line":3,"column":58}},"3":{"start":{"line":8,"column":4},"end":{"line":8,"column":37}},"4":{"start":{"line":8,"column":26},"end":{"line":8,"column":37}},"5":{"start":{"line":9,"column":4},"end":{"line":9,"column":38}},"6":{"start":{"line":15,"column":4},"end":{"line":89,"column":6}},"7":{"start":{"line":16,"column":8},"end":{"line":88,"column":9}},"8":{"start":{"line":17,"column":12},"end":{"line":87,"column":13}},"9":{"start":{"line":18,"column":16},"end":{"line":18,"column":39}},"10":{"start":{"line":19,"column":16},"end":{"line":19,"column":43}},"11":{"start":{"line":21,"column":17},"end":{"line":87,"column":13}},"12":{"start":{"line":23,"column":26},"end":{"line":23,"column":54}},"13":{"start":{"line":24,"column":16},"end":{"line":24,"column":66}},"14":{"start":{"line":26,"column":17},"end":{"line":87,"column":13}},"15":{"start":{"line":28,"column":16},"end":{"line":28,"column":64}},"16":{"start":{"line":29,"column":26},"end":{"line":29,"column":49}},"17":{"start":{"line":31,"column":16},"end":{"line":31,"column":44}},"18":{"start":{"line":35,"column":17},"end":{"line":87,"column":13}},"19":{"start":{"line":36,"column":16},"end":{"line":36,"column":39}},"20":{"start":{"line":38,"column":17},"end":{"line":87,"column":13}},"21":{"start":{"line":39,"column":16},"end":{"line":41,"column":17}},"22":{"start":{"line":40,"column":20},"end":{"line":40,"column":69}},"23":{"start":{"line":43,"column":17},"end":{"line":87,"column":13}},"24":{"start":{"line":44,"column":16},"end":{"line":49,"column":17}},"25":{"start":{"line":45,"column":20},"end":{"line":45,"column":48}},"26":{"start":{"line":48,"column":20},"end":{"line":48,"column":49}},"27":{"start":{"line":51,"column":17},"end":{"line":87,"column":13}},"28":{"start":{"line":53,"column":16},"end":{"line":61,"column":17}},"29":{"start":{"line":54,"column":20},"end":{"line":55,"column":52}},"30":{"start":{"line":55,"column":24},"end":{"line":55,"column":52}},"31":{"start":{"line":58,"column":20},"end":{"line":58,"column":44}},"32":{"start":{"line":59,"column":20},"end":{"line":60,"column":53}},"33":{"start":{"line":60,"column":24},"end":{"line":60,"column":53}},"34":{"start":{"line":63,"column":17},"end":{"line":87,"column":13}},"35":{"start":{"line":64,"column":16},"end":{"line":64,"column":40}},"36":{"start":{"line":65,"column":16},"end":{"line":67,"column":17}},"37":{"start":{"line":66,"column":20},"end":{"line":66,"column":49}},"38":{"start":{"line":69,"column":17},"end":{"line":87,"column":13}},"39":{"start":{"line":70,"column":16},"end":{"line":70,"column":45}},"40":{"start":{"line":72,"column":17},"end":{"line":87,"column":13}},"41":{"start":{"line":73,"column":26},"end":{"line":73,"column":53}},"42":{"start":{"line":75,"column":16},"end":{"line":75,"column":44}},"43":{"start":{"line":78,"column":17},"end":{"line":87,"column":13}},"44":{"start":{"line":79,"column":16},"end":{"line":79,"column":84}},"45":{"start":{"line":82,"column":17},"end":{"line":87,"column":13}},"46":{"start":{"line":83,"column":26},"end":{"line":83,"column":51}},"47":{"start":{"line":84,"column":16},"end":{"line":84,"column":37}},"48":{"start":{"line":85,"column":16},"end":{"line":85,"column":44}},"49":{"start":{"line":92,"column":0},"end":{"line":92,"column":8}},"50":{"start":{"line":95,"column":0},"end":{"line":97,"column":1}}},"fnMap":{"0":{"name":"jg","decl":{"start":{"line":6,"column":9},"end":{"line":6,"column":11}},"loc":{"start":{"line":6,"column":17},"end":{"line":10,"column":1}},"line":6},"1":{"name":"start","decl":{"start":{"line":12,"column":9},"end":{"line":12,"column":14}},"loc":{"start":{"line":12,"column":17},"end":{"line":90,"column":1}},"line":12},"2":{"name":"(anonymous_2)","decl":{"start":{"line":15,"column":20},"end":{"line":15,"column":21}},"loc":{"start":{"line":15,"column":30},"end":{"line":89,"column":5}},"line":15},"3":{"name":"(anonymous_3)","decl":{"start":{"line":16,"column":23},"end":{"line":16,"column":24}},"loc":{"start":{"line":16,"column":29},"end":{"line":88,"column":9}},"line":16}},"branchMap":{"0":{"loc":{"start":{"line":8,"column":4},"end":{"line":8,"column":37}},"type":"if","locations":[{"start":{"line":8,"column":4},"end":{"line":8,"column":37}},{"start":{},"end":{}}],"line":8},"1":{"loc":{"start":{"line":17,"column":12},"end":{"line":87,"column":13}},"type":"if","locations":[{"start":{"line":17,"column":12},"end":{"line":87,"column":13}},{"start":{"line":21,"column":17},"end":{"line":87,"column":13}}],"line":17},"2":{"loc":{"start":{"line":21,"column":17},"end":{"line":87,"column":13}},"type":"if","locations":[{"start":{"line":21,"column":17},"end":{"line":87,"column":13}},{"start":{"line":26,"column":17},"end":{"line":87,"column":13}}],"line":21},"3":{"loc":{"start":{"line":26,"column":17},"end":{"line":87,"column":13}},"type":"if","locations":[{"start":{"line":26,"column":17},"end":{"line":87,"column":13}},{"start":{"line":35,"column":17},"end":{"line":87,"column":13}}],"line":26},"4":{"loc":{"start":{"line":26,"column":21},"end":{"line":26,"column":66}},"type":"binary-expr","locations":[{"start":{"line":26,"column":21},"end":{"line":26,"column":44}},{"start":{"line":26,"column":48},"end":{"line":26,"column":66}}],"line":26},"5":{"loc":{"start":{"line":35,"column":17},"end":{"line":87,"column":13}},"type":"if","locations":[{"start":{"line":35,"column":17},"end":{"line":87,"column":13}},{"start":{"line":38,"column":17},"end":{"line":87,"column":13}}],"line":35},"6":{"loc":{"start":{"line":35,"column":21},"end":{"line":35,"column":66}},"type":"binary-expr","locations":[{"start":{"line":35,"column":21},"end":{"line":35,"column":44}},{"start":{"line":35,"column":48},"end":{"line":35,"column":66}}],"line":35},"7":{"loc":{"start":{"line":38,"column":17},"end":{"line":87,"column":13}},"type":"if","locations":[{"start":{"line":38,"column":17},"end":{"line":87,"column":13}},{"start":{"line":43,"column":17},"end":{"line":87,"column":13}}],"line":38},"8":{"loc":{"start":{"line":38,"column":21},"end":{"line":38,"column":68}},"type":"binary-expr","locations":[{"start":{"line":38,"column":21},"end":{"line":38,"column":44}},{"start":{"line":38,"column":48},"end":{"line":38,"column":68}}],"line":38},"9":{"loc":{"start":{"line":39,"column":16},"end":{"line":41,"column":17}},"type":"if","locations":[{"start":{"line":39,"column":16},"end":{"line":41,"column":17}},{"start":{},"end":{}}],"line":39},"10":{"loc":{"start":{"line":43,"column":17},"end":{"line":87,"column":13}},"type":"if","locations":[{"start":{"line":43,"column":17},"end":{"line":87,"column":13}},{"start":{"line":51,"column":17},"end":{"line":87,"column":13}}],"line":43},"11":{"loc":{"start":{"line":43,"column":21},"end":{"line":43,"column":53}},"type":"binary-expr","locations":[{"start":{"line":43,"column":21},"end":{"line":43,"column":35}},{"start":{"line":43,"column":39},"end":{"line":43,"column":53}}],"line":43},"12":{"loc":{"start":{"line":44,"column":16},"end":{"line":49,"column":17}},"type":"if","locations":[{"start":{"line":44,"column":16},"end":{"line":49,"column":17}},{"start":{"line":47,"column":21},"end":{"line":49,"column":17}}],"line":44},"13":{"loc":{"start":{"line":51,"column":17},"end":{"line":87,"column":13}},"type":"if","locations":[{"start":{"line":51,"column":17},"end":{"line":87,"column":13}},{"start":{"line":63,"column":17},"end":{"line":87,"column":13}}],"line":51},"14":{"loc":{"start":{"line":53,"column":16},"end":{"line":61,"column":17}},"type":"if","locations":[{"start":{"line":53,"column":16},"end":{"line":61,"column":17}},{"start":{"line":57,"column":21},"end":{"line":61,"column":17}}],"line":53},"15":{"loc":{"start":{"line":54,"column":20},"end":{"line":55,"column":52}},"type":"if","locations":[{"start":{"line":54,"column":20},"end":{"line":55,"column":52}},{"start":{},"end":{}}],"line":54},"16":{"loc":{"start":{"line":59,"column":20},"end":{"line":60,"column":53}},"type":"if","locations":[{"start":{"line":59,"column":20},"end":{"line":60,"column":53}},{"start":{},"end":{}}],"line":59},"17":{"loc":{"start":{"line":59,"column":24},"end":{"line":59,"column":80}},"type":"binary-expr","locations":[{"start":{"line":59,"column":24},"end":{"line":59,"column":50}},{"start":{"line":59,"column":54},"end":{"line":59,"column":80}}],"line":59},"18":{"loc":{"start":{"line":63,"column":17},"end":{"line":87,"column":13}},"type":"if","locations":[{"start":{"line":63,"column":17},"end":{"line":87,"column":13}},{"start":{"line":69,"column":17},"end":{"line":87,"column":13}}],"line":63},"19":{"loc":{"start":{"line":65,"column":16},"end":{"line":67,"column":17}},"type":"if","locations":[{"start":{"line":65,"column":16},"end":{"line":67,"column":17}},{"start":{},"end":{}}],"line":65},"20":{"loc":{"start":{"line":65,"column":20},"end":{"line":65,"column":76}},"type":"binary-expr","locations":[{"start":{"line":65,"column":20},"end":{"line":65,"column":46}},{"start":{"line":65,"column":50},"end":{"line":65,"column":76}}],"line":65},"21":{"loc":{"start":{"line":69,"column":17},"end":{"line":87,"column":13}},"type":"if","locations":[{"start":{"line":69,"column":17},"end":{"line":87,"column":13}},{"start":{"line":72,"column":17},"end":{"line":87,"column":13}}],"line":69},"22":{"loc":{"start":{"line":69,"column":21},"end":{"line":69,"column":53}},"type":"binary-expr","locations":[{"start":{"line":69,"column":21},"end":{"line":69,"column":35}},{"start":{"line":69,"column":39},"end":{"line":69,"column":53}}],"line":69},"23":{"loc":{"start":{"line":72,"column":17},"end":{"line":87,"column":13}},"type":"if","locations":[{"start":{"line":72,"column":17},"end":{"line":87,"column":13}},{"start":{"line":78,"column":17},"end":{"line":87,"column":13}}],"line":72},"24":{"loc":{"start":{"line":78,"column":17},"end":{"line":87,"column":13}},"type":"if","locations":[{"start":{"line":78,"column":17},"end":{"line":87,"column":13}},{"start":{"line":82,"column":17},"end":{"line":87,"column":13}}],"line":78},"25":{"loc":{"start":{"line":82,"column":17},"end":{"line":87,"column":13}},"type":"if","locations":[{"start":{"line":82,"column":17},"end":{"line":87,"column":13}},{"start":{},"end":{}}],"line":82}},"s":{"0":1,"1":1,"2":1,"3":5,"4":4,"5":1,"6":2,"7":48,"8":22,"9":0,"10":0,"11":22,"12":0,"13":0,"14":22,"15":2,"16":2,"17":2,"18":20,"19":1,"20":19,"21":1,"22":1,"23":18,"24":10,"25":0,"26":10,"27":8,"28":3,"29":0,"30":0,"31":3,"32":3,"33":3,"34":5,"35":0,"36":0,"37":0,"38":5,"39":2,"40":3,"41":1,"42":1,"43":2,"44":1,"45":1,"46":1,"47":1,"48":1,"49":1,"50":1},"f":{"0":5,"1":2,"2":48,"3":22},"b":{"0":[4,1],"1":[0,22],"2":[0,22],"3":[2,20],"4":[22,14],"5":[1,19],"6":[20,8],"7":[1,18],"8":[19,12],"9":[1,0],"10":[10,8],"11":[18,13],"12":[0,10],"13":[3,5],"14":[0,3],"15":[0,0],"16":[3,0],"17":[3,3],"18":[0,5],"19":[0,0],"20":[0,0],"21":[2,3],"22":[5,4],"23":[1,2],"24":[1,1],"25":[1,0]},"_coverageSchema":"1a1c01bbd47fc00a2c39e90264f33305004495a9","hash":"bbfc6f5cac29640726f508b93095f36073b60c12"}
}
