TN:
SF:test2.js
FN:6,jg
FN:12,start
FN:15,(anonymous_2)
FN:16,(anonymous_3)
FNF:4
FNH:4
FNDA:5,jg
FNDA:2,start
FNDA:48,(anonymous_2)
FNDA:22,(anonymous_3)
DA:1,1
DA:2,1
DA:3,1
DA:8,5
DA:9,1
DA:15,2
DA:16,48
DA:17,22
DA:18,0
DA:19,0
DA:21,22
DA:23,0
DA:24,0
DA:26,22
DA:28,2
DA:29,2
DA:31,2
DA:35,20
DA:36,1
DA:38,19
DA:39,1
DA:40,1
DA:43,18
DA:44,10
DA:45,0
DA:48,10
DA:51,8
DA:53,3
DA:54,0
DA:55,0
DA:58,3
DA:59,3
DA:60,3
DA:63,5
DA:64,0
DA:65,0
DA:66,0
DA:69,5
DA:70,2
DA:72,3
DA:73,1
DA:75,1
DA:78,2
DA:79,1
DA:82,1
DA:83,1
DA:84,1
DA:85,1
DA:92,1
DA:95,1
LF:50
LH:40
BRDA:8,0,0,4
BRDA:8,0,1,1
BRDA:17,1,0,0
BRDA:17,1,1,22
BRDA:21,2,0,0
BRDA:21,2,1,22
BRDA:26,3,0,2
BRDA:26,3,1,20
BRDA:26,4,0,22
BRDA:26,4,1,14
BRDA:35,5,0,1
BRDA:35,5,1,19
BRDA:35,6,0,20
BRDA:35,6,1,8
BRDA:38,7,0,1
BRDA:38,7,1,18
BRDA:38,8,0,19
BRDA:38,8,1,12
BRDA:39,9,0,1
BRDA:39,9,1,0
BRDA:43,10,0,10
BRDA:43,10,1,8
BRDA:43,11,0,18
BRDA:43,11,1,13
BRDA:44,12,0,0
BRDA:44,12,1,10
BRDA:51,13,0,3
BRDA:51,13,1,5
BRDA:53,14,0,0
BRDA:53,14,1,3
BRDA:54,15,0,0
BRDA:54,15,1,0
BRDA:59,16,0,3
BRDA:59,16,1,0
BRDA:59,17,0,3
BRDA:59,17,1,3
BRDA:63,18,0,0
BRDA:63,18,1,5
BRDA:65,19,0,0
BRDA:65,19,1,0
BRDA:65,20,0,0
BRDA:65,20,1,0
BRDA:69,21,0,2
BRDA:69,21,1,3
BRDA:69,22,0,5
BRDA:69,22,1,4
BRDA:72,23,0,1
BRDA:72,23,1,2
BRDA:78,24,0,1
BRDA:78,24,1,1
BRDA:82,25,0,1
BRDA:82,25,1,0
BRF:52
BRH:38
end_of_record
